<?xml version="1.0" encoding="UTF-8"?>
<!-- Generated by org.testng.reporters.JUnitReportReporter -->
<testsuite hostname="LAPTOP-QMA3PVOQ" failures="0" tests="1" name="pack1.Project_REG_EndToEnd_05" time="25.026" errors="0" timestamp="2025-08-28T17:07:47 IST" skipped="0">
  <testcase classname="pack1.Project_REG_EndToEnd_05" name="cartPersistenceFlow" time="25.026"/>
  <system-out/>
</testsuite> <!-- pack1.Project_REG_EndToEnd_05 -->
