<?xml version="1.0" encoding="UTF-8"?>
<!-- Generated by org.testng.reporters.JUnitReportReporter -->
<testsuite hostname="LAPTOP-QMA3PVOQ" failures="0" tests="2" name="pack1.Lab9_1" time="18.577" errors="0" timestamp="2025-08-26T15:44:52 IST" skipped="0">
  <testcase classname="pack1.Lab9_1" name="test" time="9.118"/>
  <system-out/>
  <testcase classname="pack1.Lab9_1" name="test" time="9.459"/>
  <system-out/>
</testsuite> <!-- pack1.Lab9_1 -->
