<?xml version="1.0" encoding="UTF-8"?>
<!-- Generated by org.testng.reporters.JUnitReportReporter -->
<testsuite hostname="LAPTOP-QMA3PVOQ" failures="0" tests="1" name="pack1.TC013_pageobjects" time="23.765" errors="0" timestamp="2025-08-28T10:57:46 IST" skipped="0">
  <testcase classname="pack1.TC013_pageobjects" name="f" time="23.765"/>
  <system-out/>
</testsuite> <!-- pack1.TC013_pageobjects -->
