<?xml version="1.0" encoding="UTF-8"?>
<!-- Generated by org.testng.reporters.JUnitReportReporter -->
<testsuite hostname="LAPTOP-QMA3PVOQ" failures="0" tests="1" name="pack1.Lab8_Lab3TestCase" time="7.278" errors="0" timestamp="2025-08-26T12:47:39 IST" skipped="0">
  <testcase classname="pack1.Lab8_Lab3TestCase" name="test" time="7.278"/>
  <system-out/>
</testsuite> <!-- pack1.Lab8_Lab3TestCase -->
