<?xml version="1.0" encoding="UTF-8"?>
<!-- Generated by org.testng.reporters.JUnitReportReporter -->
<testsuite hostname="LAPTOP-QMA3PVOQ" failures="0" tests="2" name="pack1.Lab9_2" time="16.209" errors="0" timestamp="2025-08-26T15:44:52 IST" skipped="0">
  <testcase classname="pack1.Lab9_2" name="testFlow" time="8.563"/>
  <system-out/>
  <testcase classname="pack1.Lab9_2" name="testFlow" time="7.646"/>
  <system-out/>
</testsuite> <!-- pack1.Lab9_2 -->
