<?xml version="1.0" encoding="UTF-8"?>
<!-- Generated by org.testng.reporters.JUnitReportReporter -->
<testsuite hostname="LAPTOP-QMA3PVOQ" failures="0" tests="1" name="pack1.Project_REG_EndToEnd_02" time="33.916" errors="0" timestamp="2025-08-29T11:10:59 IST" skipped="0">
  <testcase classname="pack1.Project_REG_EndToEnd_02" name="fullUserFlow" time="33.916"/>
  <system-out/>
</testsuite> <!-- pack1.Project_REG_EndToEnd_02 -->
