<?xml version="1.0" encoding="UTF-8"?>
<!-- Generated by org.testng.reporters.JUnitReportReporter -->
<testsuite hostname="LAPTOP-QMA3PVOQ" failures="0" tests="1" name="pack1.TC_Screenshot" time="20.604" errors="0" timestamp="2025-08-29T10:41:49 IST" skipped="0">
  <testcase classname="pack1.TC_Screenshot" name="screenshottest" time="20.604"/>
  <system-out/>
</testsuite> <!-- pack1.TC_Screenshot -->
