<?xml version="1.0" encoding="UTF-8"?>
<!-- Generated by org.testng.reporters.JUnitReportReporter -->
<testsuite hostname="LAPTOP-QMA3PVOQ" failures="0" tests="2" name="pack1.TC012_Groups" time="0.031" errors="0" timestamp="2025-08-26T15:23:11 IST" skipped="0">
  <testcase classname="pack1.TC012_Groups" name="test2" time="0.029"/>
  <system-out/>
  <testcase classname="pack1.TC012_Groups" name="test3" time="0.002"/>
  <system-out/>
</testsuite> <!-- pack1.TC012_Groups -->
